\BOOKMARK [0][-]{section*.1}{Computational Physics Project 3 The Solar System or I can See my House from Here!}{}% 1
\BOOKMARK [1][-]{section*.2}{Introduction}{section*.1}% 2
\BOOKMARK [1][-]{section*.3}{Methods and Algorithms}{section*.1}% 3
\BOOKMARK [2][-]{section*.4}{Overview}{section*.3}% 4
\BOOKMARK [2][-]{section*.5}{The Forward Euler and Velocity Verlet Methods}{section*.3}% 5
\BOOKMARK [2][-]{section*.6}{The Earth-Sun System}{section*.3}% 6
\BOOKMARK [2][-]{section*.7}{Escape Velocity}{section*.3}% 7
\BOOKMARK [2][-]{section*.8}{The Three-Body System}{section*.3}% 8
\BOOKMARK [1][-]{section*.9}{Results}{section*.1}% 9
\BOOKMARK [2][-]{section*.10}{Forward Euler vs. Velocity Verlet and the Earth-Sun System}{section*.9}% 10
\BOOKMARK [2][-]{section*.14}{Escape Velocity}{section*.9}% 11
\BOOKMARK [2][-]{section*.16}{The Three-Body System}{section*.9}% 12
\BOOKMARK [2][-]{section*.19}{Solar System}{section*.9}% 13
\BOOKMARK [1][-]{section*.21}{Conclusions and Discussion}{section*.1}% 14
\BOOKMARK [2][-]{section*.22}{Forward Euler and Velocity Verlet}{section*.21}% 15
\BOOKMARK [2][-]{section*.23}{The Earth-Sun System}{section*.21}% 16
\BOOKMARK [2][-]{section*.24}{The Three-Body System}{section*.21}% 17
\BOOKMARK [2][-]{section*.25}{Solar System}{section*.21}% 18
\BOOKMARK [1][-]{section*.26}{Extra Material}{section*.1}% 19
\BOOKMARK [1][-]{section*.27}{References}{section*.1}% 20
